<?xml version="1.0" encoding="UTF-8"?>
<!-- Generated by org.testng.reporters.JUnitReportReporter -->
<testsuite hostname="TYSS-Sumanth-Chinivar" failures="0" tests="1" name="Bikes.Jawa" time="0.000" errors="0" timestamp="2024-01-18T17:08:50 IST" skipped="1">
  <testcase classname="Bikes.Jawa" name="longRideOnJawa" time="0.000">
    <skipped/>
  </testcase> <!-- longRideOnJawa -->
</testsuite> <!-- Bikes.Jawa -->
