<?xml version="1.0" encoding="UTF-8"?>
<!-- Generated by org.testng.reporters.JUnitReportReporter -->
<testsuite hostname="TYSS-Sumanth-Chinivar" failures="0" tests="1" name="unitTesting.AddingAProductToDemoWebShop" time="10.255" errors="0" timestamp="2024-01-23T16:26:01 IST" skipped="0">
  <testcase classname="unitTesting.AddingAProductToDemoWebShop" name="addProductToCart" time="10.255">
    <system-out>
      <![CDATA[Browser is launched
Browser is maximized
Web Application launched
User clicked on login button
Username Enterted successfully
Password is entered orrectly
User clicked on Login
User logged in successfully
User is searching for smart phone
User clicked on search button
User clicked on desired product
Smart phone product details is displayed
User clicked on add to cart button
Product is added to cart
User clicked on shopping cart link
Shopping cart page is displayed
Product added to cart successfully
Logged out successfully
Browser is closed]]>
    </system-out>
  </testcase> <!-- addProductToCart -->
  <system-out>
    <![CDATA[Browser is launched
Browser is maximized
Web Application launched
User clicked on login button
Username Enterted successfully
Password is entered orrectly
User clicked on Login
User logged in successfully
User is searching for smart phone
User clicked on search button
User clicked on desired product
Smart phone product details is displayed
User clicked on add to cart button
Product is added to cart
User clicked on shopping cart link
Shopping cart page is displayed
Product added to cart successfully
Logged out successfully
Browser is closed]]>
  </system-out>
</testsuite> <!-- unitTesting.AddingAProductToDemoWebShop -->
