<?xml version="1.0" encoding="UTF-8"?>
<!-- Generated by org.testng.reporters.JUnitReportReporter -->
<testsuite hostname="TYSS-Sumanth-Chinivar" failures="0" tests="2" name="unitTesting.LearningAtTest3" time="0.009" errors="0" timestamp="2024-01-17T14:43:25 IST" skipped="0">
  <testcase classname="unitTesting.LearningAtTest3" name="xray" time="0.008"/>
  <testcase classname="unitTesting.LearningAtTest3" name="mri" time="0.001"/>
</testsuite> <!-- unitTesting.LearningAtTest3 -->
