<?xml version="1.0" encoding="UTF-8"?>
<!-- Generated by org.testng.reporters.JUnitReportReporter -->
<testsuite hostname="TYSS-Sumanth-Chinivar" failures="0" tests="1" name="unitTesting.P1" time="0.480" errors="0" timestamp="2024-01-23T16:06:16 IST" skipped="0">
  <testcase classname="unitTesting.P1" name="businessFlow" time="0.480"/>
</testsuite> <!-- unitTesting.P1 -->
