<?xml version="1.0" encoding="UTF-8"?>
<!-- Generated by org.testng.reporters.JUnitReportReporter -->
<testsuite hostname="TYSS-Sumanth-Chinivar" failures="0" tests="3" name="unitTesting.LearningAtTest5" time="0.008" errors="0" timestamp="2024-01-17T14:50:26 IST" skipped="0">
  <testcase classname="unitTesting.LearningAtTest5" name="kawasaki" time="0.006"/>
  <testcase classname="unitTesting.LearningAtTest5" name="hero" time="0.001"/>
  <testcase classname="unitTesting.LearningAtTest5" name="yamaha" time="0.001"/>
</testsuite> <!-- unitTesting.LearningAtTest5 -->
