<?xml version="1.0" encoding="UTF-8"?>
<!-- Generated by org.testng.reporters.JUnitReportReporter -->
<testsuite hostname="TYSS-Sumanth-Chinivar" failures="0" tests="2" name="dataProvider.LearningDataProvider1" time="0.005" errors="0" timestamp="2024-01-22T16:30:38 IST" skipped="0">
  <testcase classname="dataProvider.LearningDataProvider1" name="printData" time="0.004"/>
  <testcase classname="dataProvider.LearningDataProvider1" name="printData" time="0.001"/>
</testsuite> <!-- dataProvider.LearningDataProvider1 -->
