<?xml version="1.0" encoding="UTF-8"?>
<!-- Generated by org.testng.reporters.JUnitReportReporter -->
<testsuite hostname="TYSS-Sumanth-Chinivar" failures="0" tests="1" name="crossBrowserTesting.LoginToDemoWebShop" time="5.720" errors="0" timestamp="2024-01-22T14:38:34 IST" skipped="0">
  <testcase classname="crossBrowserTesting.LoginToDemoWebShop" name="login" time="5.720"/>
</testsuite> <!-- crossBrowserTesting.LoginToDemoWebShop -->
