<?xml version="1.0" encoding="UTF-8"?>
<!-- Generated by org.testng.reporters.JUnitReportReporter -->
<testsuite hostname="TYSS-Sumanth-Chinivar" failures="0" tests="1" name="unitTesting.AtTest1" time="0.010" errors="0" timestamp="2024-01-17T12:18:29 IST" skipped="0">
  <testcase classname="unitTesting.AtTest1" name="demo" time="0.010"/>
</testsuite> <!-- unitTesting.AtTest1 -->
