<?xml version="1.0" encoding="UTF-8"?>
<!-- Generated by org.testng.reporters.JUnitReportReporter -->
<testsuite hostname="TYSS-Sumanth-Chinivar" failures="0" tests="4" name="unitTesting.LearningAtTest4" time="0.008" errors="0" timestamp="2024-01-17T14:47:14 IST" skipped="0">
  <testcase classname="unitTesting.LearningAtTest4" name="beta" time="0.006"/>
  <testcase classname="unitTesting.LearningAtTest4" name="gamma" time="0.000"/>
  <testcase classname="unitTesting.LearningAtTest4" name="alpha" time="0.001"/>
  <testcase classname="unitTesting.LearningAtTest4" name="cos" time="0.001"/>
</testsuite> <!-- unitTesting.LearningAtTest4 -->
