<?xml version="1.0" encoding="UTF-8"?>
<!-- Generated by org.testng.reporters.JUnitReportReporter -->
<testsuite hostname="TYSS-Sumanth-Chinivar" failures="0" tests="1" name="mobiles.Vivo" time="20.034" errors="0" timestamp="2024-01-18T17:08:50 IST" skipped="0">
  <testcase classname="mobiles.Vivo" name="switchOn" time="20.034"/>
</testsuite> <!-- mobiles.Vivo -->
