<?xml version="1.0" encoding="UTF-8"?>
<!-- Generated by org.testng.reporters.JUnitReportReporter -->
<testsuite hostname="TYSS-Sumanth-Chinivar" failures="0" tests="3" name="dataProvider.LoggingInToDemoWebShopUsingDataProvider" time="14.547" errors="0" timestamp="2024-01-22T16:42:35 IST" skipped="0">
  <testcase classname="dataProvider.LoggingInToDemoWebShopUsingDataProvider" name="login" time="4.834"/>
  <testcase classname="dataProvider.LoggingInToDemoWebShopUsingDataProvider" name="login" time="5.005"/>
  <testcase classname="dataProvider.LoggingInToDemoWebShopUsingDataProvider" name="login" time="4.708"/>
</testsuite> <!-- dataProvider.LoggingInToDemoWebShopUsingDataProvider -->
