<?xml version="1.0" encoding="UTF-8"?>
<!-- Generated by org.testng.reporters.JUnitReportReporter -->
<testsuite hostname="TYSS-Sumanth-Chinivar" failures="0" tests="1" name="unitTesting.LearningAtTest6" time="1.456" errors="0" timestamp="2024-01-17T15:20:48 IST" skipped="0">
  <testcase classname="unitTesting.LearningAtTest6" name="learningtimeOut" time="1.456"/>
</testsuite> <!-- unitTesting.LearningAtTest6 -->
