<?xml version="1.0" encoding="UTF-8"?>
<!-- Generated by org.testng.reporters.JUnitReportReporter -->
<testsuite hostname="TYSS-Sumanth-Chinivar" failures="0" tests="3" name="mobiles.IPhone" time="9.103" errors="0" timestamp="2024-01-18T17:08:50 IST" skipped="0">
  <testcase classname="mobiles.IPhone" name="endIPhone" time="0.002"/>
  <testcase classname="mobiles.IPhone" name="updateIPhone" time="0.009"/>
  <testcase classname="mobiles.IPhone" name="startIPhone" time="9.092"/>
</testsuite> <!-- mobiles.IPhone -->
