<?xml version="1.0" encoding="UTF-8"?>
<!-- Generated by org.testng.reporters.JUnitReportReporter -->
<testsuite hostname="TYSS-Sumanth-Chinivar" failures="0" tests="3" name="dataProvider.LoggingInToDemoWebShopUsingExcel" time="14.657" errors="0" timestamp="2024-01-22T17:20:03 IST" skipped="0">
  <testcase classname="dataProvider.LoggingInToDemoWebShopUsingExcel" name="login" time="5.243"/>
  <testcase classname="dataProvider.LoggingInToDemoWebShopUsingExcel" name="login" time="4.481"/>
  <testcase classname="dataProvider.LoggingInToDemoWebShopUsingExcel" name="login" time="4.933"/>
</testsuite> <!-- dataProvider.LoggingInToDemoWebShopUsingExcel -->
