<?xml version="1.0" encoding="UTF-8"?>
<!-- Generated by org.testng.reporters.JUnitReportReporter -->
<testsuite hostname="TYSS-Sumanth-Chinivar" failures="0" tests="1" name="POM.LearningStaleElementReferenceException" time="3.910" errors="0" timestamp="2024-01-24T16:02:23 IST" skipped="0">
  <testcase classname="POM.LearningStaleElementReferenceException" name="launchBrowser" time="3.910">
    <system-out>
      <![CDATA[Empty Browser is launched
Browser is maximized
DemoWebshop is launched]]>
    </system-out>
  </testcase> <!-- launchBrowser -->
  <system-out>
    <![CDATA[Empty Browser is launched
Browser is maximized
DemoWebshop is launched]]>
  </system-out>
</testsuite> <!-- POM.LearningStaleElementReferenceException -->
