<?xml version="1.0" encoding="UTF-8"?>
<!-- Generated by org.testng.reporters.JUnitReportReporter -->
<testsuite hostname="TYSS-Sumanth-Chinivar" failures="0" tests="2" name="mobiles.Motorola" time="0.000" errors="0" timestamp="2024-01-18T17:08:50 IST" skipped="2">
  <testcase classname="mobiles.Motorola" name="startAndStop" time="0.000">
    <skipped/>
  </testcase> <!-- startAndStop -->
  <testcase classname="mobiles.Motorola" name="setUp" time="0.000">
    <skipped/>
  </testcase> <!-- setUp -->
</testsuite> <!-- mobiles.Motorola -->
