<?xml version="1.0" encoding="UTF-8"?>
<!-- Generated by org.testng.reporters.JUnitReportReporter -->
<testsuite hostname="TYSS-Sumanth-Chinivar" failures="0" tests="1" name="configurationAnnotations.LearningConfigurationAnnotation2" time="0.006" errors="0" timestamp="2024-01-24T12:51:00 IST" skipped="0">
  <testcase classname="configurationAnnotations.LearningConfigurationAnnotation2" name="demo" time="0.006"/>
</testsuite> <!-- configurationAnnotations.LearningConfigurationAnnotation2 -->
