<?xml version="1.0" encoding="UTF-8"?>
<!-- Generated by org.testng.reporters.JUnitReportReporter -->
<testsuite hostname="TYSS-Sumanth-Chinivar" failures="0" tests="1" name="crossBrowserTesting.Vegetable" time="0.002" errors="0" timestamp="2024-01-22T12:15:20 IST" skipped="0">
  <testcase classname="crossBrowserTesting.Vegetable" name="printVegetable" time="0.002"/>
</testsuite> <!-- crossBrowserTesting.Vegetable -->
