<?xml version="1.0" encoding="UTF-8"?>
<!-- Generated by org.testng.reporters.JUnitReportReporter -->
<testsuite hostname="TYSS-Sumanth-Chinivar" failures="0" tests="4" name="unitTesting.AtTest2" time="0.011" errors="0" timestamp="2024-01-17T18:37:17 IST" skipped="0">
  <testcase classname="unitTesting.AtTest2" name="elite" time="0.001"/>
  <testcase classname="unitTesting.AtTest2" name="demo" time="0.007"/>
  <testcase classname="unitTesting.AtTest2" name="sample" time="0.001"/>
  <testcase classname="unitTesting.AtTest2" name="kite" time="0.002"/>
</testsuite> <!-- unitTesting.AtTest2 -->
