<?xml version="1.0" encoding="UTF-8"?>
<!-- Generated by org.testng.reporters.JUnitReportReporter -->
<testsuite hostname="TYSS-Sumanth-Chinivar" failures="0" tests="10" name="unitTesting.LearningAtTest8" time="97.000" errors="0" timestamp="2024-01-17T15:40:33 IST" skipped="0">
  <testcase classname="unitTesting.LearningAtTest8" name="learningThreadPoolSize" time="9.925"/>
  <testcase classname="unitTesting.LearningAtTest8" name="learningThreadPoolSize" time="10.051"/>
  <testcase classname="unitTesting.LearningAtTest8" name="learningThreadPoolSize" time="9.862"/>
  <testcase classname="unitTesting.LearningAtTest8" name="learningThreadPoolSize" time="9.846"/>
  <testcase classname="unitTesting.LearningAtTest8" name="learningThreadPoolSize" time="9.379"/>
  <testcase classname="unitTesting.LearningAtTest8" name="learningThreadPoolSize" time="9.377"/>
  <testcase classname="unitTesting.LearningAtTest8" name="learningThreadPoolSize" time="9.971"/>
  <testcase classname="unitTesting.LearningAtTest8" name="learningThreadPoolSize" time="9.739"/>
  <testcase classname="unitTesting.LearningAtTest8" name="learningThreadPoolSize" time="9.269"/>
  <testcase classname="unitTesting.LearningAtTest8" name="learningThreadPoolSize" time="9.581"/>
</testsuite> <!-- unitTesting.LearningAtTest8 -->
