<?xml version="1.0" encoding="UTF-8"?>
<!-- Generated by org.testng.reporters.JUnitReportReporter -->
<testsuite hostname="TYSS-Sumanth-Chinivar" failures="0" tests="2" name="unitTesting.LearningAtTest7" time="7.883" errors="0" timestamp="2024-01-17T15:25:36 IST" skipped="0">
  <testcase classname="unitTesting.LearningAtTest7" name="learningInvocationCOunt" time="2.696"/>
  <testcase classname="unitTesting.LearningAtTest7" name="learningInvocationCOunt" time="5.187"/>
</testsuite> <!-- unitTesting.LearningAtTest7 -->
