<?xml version="1.0" encoding="UTF-8"?>
<!-- Generated by org.testng.reporters.JUnitReportReporter -->
<testsuite hostname="TYSS-Sumanth-Chinivar" failures="0" tests="1" name="unitTesting.LearningToUseReporter" time="2.335" errors="0" timestamp="2024-01-23T11:50:26 IST" skipped="0">
  <testcase classname="unitTesting.LearningToUseReporter" name="demo" time="2.335">
    <system-out>
      <![CDATA[Window is maximized
Url is launched
Browser is closed]]>
    </system-out>
  </testcase> <!-- demo -->
  <system-out>
    <![CDATA[Window is maximized
Url is launched
Browser is closed]]>
  </system-out>
</testsuite> <!-- unitTesting.LearningToUseReporter -->
