<?xml version="1.0" encoding="UTF-8"?>
<!-- Generated by org.testng.reporters.JUnitReportReporter -->
<testsuite hostname="TYSS-Sumanth-Chinivar" failures="0" tests="1" name="Bikes.Kawasaki" time="8.502" errors="0" timestamp="2024-01-18T17:08:50 IST" skipped="0">
  <testcase classname="Bikes.Kawasaki" name="ride" time="8.502"/>
</testsuite> <!-- Bikes.Kawasaki -->
