<?xml version="1.0" encoding="UTF-8"?>
<!-- Generated by org.testng.reporters.JUnitReportReporter -->
<testsuite hostname="TYSS-Sumanth-Chinivar" failures="0" tests="2" name="configurationAnnotations.LearningConfigAnnotation" time="0.004" errors="0" timestamp="2024-01-25T18:08:30 IST" skipped="0">
  <testcase classname="configurationAnnotations.LearningConfigAnnotation" name="demo" time="0.003"/>
  <testcase classname="configurationAnnotations.LearningConfigAnnotation" name="sample" time="0.001"/>
</testsuite> <!-- configurationAnnotations.LearningConfigAnnotation -->
