<?xml version="1.0" encoding="UTF-8"?>
<!-- Generated by org.testng.reporters.JUnitReportReporter -->
<testsuite hostname="TYSS-Sumanth-Chinivar" failures="0" tests="2" name="Bikes.Yamaha" time="9.678" errors="0" timestamp="2024-01-18T17:08:50 IST" skipped="0">
  <testcase classname="Bikes.Yamaha" name="parking" time="0.009"/>
  <testcase classname="Bikes.Yamaha" name="riding" time="9.669"/>
</testsuite> <!-- Bikes.Yamaha -->
