<?xml version="1.0" encoding="UTF-8"?>
<!-- Generated by org.testng.reporters.JUnitReportReporter -->
<testsuite hostname="TYSS-Sumanth-Chinivar" failures="0" tests="1" name="unitTesting.LearningToUseRepoerterLog" time="2.109" errors="0" timestamp="2024-01-23T12:34:36 IST" skipped="0">
  <testcase classname="unitTesting.LearningToUseRepoerterLog" name="demo" time="2.109">
    <system-out>
      <![CDATA[Window is maximized
Url is launched
Browser is closed]]>
    </system-out>
  </testcase> <!-- demo -->
  <system-out>
    <![CDATA[Window is maximized
Url is launched
Browser is closed]]>
  </system-out>
</testsuite> <!-- unitTesting.LearningToUseRepoerterLog -->
