<?xml version="1.0" encoding="UTF-8"?>
<!-- Generated by org.testng.reporters.JUnitReportReporter -->
<testsuite hostname="TYSS-Sumanth-Chinivar" failures="0" tests="1" name="unitTesting.LearningToUseAssertion" time="4.324" errors="0" timestamp="2024-01-23T12:48:11 IST" skipped="0">
  <testcase classname="unitTesting.LearningToUseAssertion" name="login" time="4.324">
    <system-out>
      <![CDATA[Browser is launched
The browser is maximized
Demowebshop is launched
user clicked on login
Login page is displayed]]>
    </system-out>
  </testcase> <!-- login -->
  <system-out>
    <![CDATA[Browser is launched
The browser is maximized
Demowebshop is launched
user clicked on login
Login page is displayed]]>
  </system-out>
</testsuite> <!-- unitTesting.LearningToUseAssertion -->
