<?xml version="1.0" encoding="UTF-8"?>
<!-- Generated by org.testng.reporters.JUnitReportReporter -->
<testsuite hostname="TYSS-Sumanth-Chinivar" failures="0" tests="1" name="crossBrowserTesting.Subtract" time="0.002" errors="0" timestamp="2024-01-22T11:53:34 IST" skipped="0">
  <testcase classname="crossBrowserTesting.Subtract" name="subtract" time="0.002"/>
</testsuite> <!-- crossBrowserTesting.Subtract -->
