<?xml version="1.0" encoding="UTF-8"?>
<!-- Generated by org.testng.reporters.JUnitReportReporter -->
<testsuite hostname="TYSS-Sumanth-Chinivar" failures="0" tests="3" name="unitTesting.LearningAtTest9" time="0.006" errors="0" timestamp="2024-01-17T15:53:42 IST" skipped="1">
  <testcase classname="unitTesting.LearningAtTest9" name="example" time="0.005"/>
  <testcase classname="unitTesting.LearningAtTest9" name="sample" time="0.001"/>
  <testcase classname="unitTesting.LearningAtTest9" name="demo">
    <skipped/>
  </testcase> <!-- demo -->
</testsuite> <!-- unitTesting.LearningAtTest9 -->
