<?xml version="1.0" encoding="UTF-8"?>
<!-- Generated by org.testng.reporters.JUnitReportReporter -->
<testsuite hostname="TYSS-Sumanth-Chinivar" failures="0" tests="1" name="configurationAnnotations.LearningConfigurationAnnotationsWithDemoWebShop" time="2.485" errors="0" timestamp="2024-01-24T15:24:53 IST" skipped="0">
  <testcase classname="configurationAnnotations.LearningConfigurationAnnotationsWithDemoWebShop" name="checkUserIsLoggedIn" time="2.485">
    <system-out>
      <![CDATA[User logged in successfully]]>
    </system-out>
  </testcase> <!-- checkUserIsLoggedIn -->
  <system-out>
    <![CDATA[Empty Browser is launched
Browser is maximized
DemoWebshop is launched
User clicked on login link
User name is entered into the username text field
User entered password into username text field
user clicked on login
User logged in successfully
User clicked on logout
User logged out successfully
Browser closed]]>
  </system-out>
</testsuite> <!-- configurationAnnotations.LearningConfigurationAnnotationsWithDemoWebShop -->
