<?xml version="1.0" encoding="UTF-8"?>
<!-- Generated by org.testng.reporters.JUnitReportReporter -->
<testsuite hostname="TYSS-Sumanth-Chinivar" failures="0" tests="1" name="crossBrowserTesting.Add" time="0.007" errors="0" timestamp="2024-01-22T11:53:34 IST" skipped="0">
  <testcase classname="crossBrowserTesting.Add" name="add" time="0.007"/>
</testsuite> <!-- crossBrowserTesting.Add -->
